<?xml version="1.0" encoding="UTF-8"?>
<testsuite xmlns:xsi="http://www.w3.org/2001/XMLSchema-instance" xsi:noNamespaceSchemaLocation="https://maven.apache.org/surefire/maven-failsafe-plugin/xsd/failsafe-test-report.xsd" name="Carrito de compras de MyDemoApp" time="92.896" tests="3" errors="1" skipped="0" failures="1">
  <properties>
[...]
</properties>
  <testcase name="Validacion de carrito de compras #1" classname="Carrito de compras de MyDemoApp" time="43.277"/>
  <testcase name="Validacion de carrito de compras #2" classname="Carrito de compras de MyDemoApp" time="26.497">
    <failure message="Error: Total en el carrito (10) no coincide con las unidades esperadas (1)." type="java.lang.AssertionError">java.lang.AssertionError: Error: Total en el carrito (10) no coincide con las unidades esperadas (1).
</failure>
    <system-out><![CDATA[
@run @carritoDeCompras
Scenario Outline: Validacion de carrito de compras                 &amp#27;[90m# src/test/resources/features/myDemoApp.feature:14&amp#27;[0m
20:48:50.061 [pool-1-thread-1] DEBUG io.cucumber.core.plugin.SerenityReporter - Running feature from file:///C:/Users/dulan/Downloads/qa-lab-mobile-automation-dec/qa-lab-mobile-automation-dec/src/test/resources/features/myDemoApp.feature
  &amp#27;[32mGiven &amp#27;[0m&amp#27;[32mestoy en la aplicaciÃ³n de SauceLabs&amp#27;[0m                        &amp#27;[90m# com.nttdata.stepsdefinitions.MyDemoAppStepsDefs.estoyEnLaAplicacionDeSauceLabs()&amp#27;[0m
20:48:59.530 [pool-1-thread-1] DEBUG net.serenitybdd.core.photography.Darkroom - Send negative for processing for C:\Users\dulan\Downloads\qa-lab-mobile-automation-dec\qa-lab-mobile-automation-dec\target\site\serenity\a7d3597092a66b7e5eb032245e0eed7fa46d0ebd435e6fa274270d1c3433d125.png
  &amp#27;[32mAnd &amp#27;[0m&amp#27;[32mvalido que carguen correctamente los productos en la galeria&amp#27;[0m &amp#27;[90m# com.nttdata.stepsdefinitions.MyDemoAppStepsDefs.validoQueCarguenCorrectamenteLosProductosEnLaGaleria()&amp#27;[0m
20:49:03.724 [pool-1-thread-1] DEBUG net.serenitybdd.core.photography.Darkroom - Send negative for processing for C:\Users\dulan\Downloads\qa-lab-mobile-automation-dec\qa-lab-mobile-automation-dec\target\site\serenity\4f8fcebcc7249921a1eb82ae509395d1f31f4844d010ed95f93bd1594528e8c9.png
  &amp#27;[32mWhen &amp#27;[0m&amp#27;[32magrego &amp#27;[0m&amp#27;[32m&amp#27;[1m1&amp#27;[0m&amp#27;[32m del siguiente producto &amp#27;[0m&amp#27;[32m&amp#27;[1m"Sauce Labs Bolt - T-Shirt"&amp#27;[0m &amp#27;[90m# com.nttdata.stepsdefinitions.MyDemoAppStepsDefs.agregoDelSiguienteProducto(int,java.lang.String)&amp#27;[0m
20:49:10.899 [pool-1-thread-1] DEBUG net.serenitybdd.core.photography.Darkroom - Send negative for processing for C:\Users\dulan\Downloads\qa-lab-mobile-automation-dec\qa-lab-mobile-automation-dec\target\site\serenity\2b3f8704c481b30b9b205b9e2631c76b6f307a7e8ca7caea8e8a5012fef062d6.png
20:49:16.100 [pool-1-thread-1] DEBUG net.serenitybdd.core.photography.Darkroom - Send negative for processing for C:\Users\dulan\Downloads\qa-lab-mobile-automation-dec\qa-lab-mobile-automation-dec\target\site\serenity\6d08aacca0da48317acee159679708396020da67692b8b3ea8bfb944e48aba49.png
  &amp#27;[31mThen &amp#27;[0m&amp#27;[31mvalido el carrito de compra actualice correctamente &amp#27;[0m&amp#27;[31m&amp#27;[1m1&amp#27;[0m       &amp#27;[90m# com.nttdata.stepsdefinitions.MyDemoAppStepsDefs.validoElCarritoDeCompraActualiceCorrectamente(int)&amp#27;[0m
      &amp#27;[31mjava.lang.AssertionError: Error: Total en el carrito (10) no coincide con las unidades esperadas (1).
	at com.nttdata.steps.MyDemoAppSteps.validateCartUpdate(MyDemoAppSteps.java:50)
	at com.nttdata.steps.MyDemoAppSteps$ByteBuddy$Tmv6lHEI.validateCartUpdate$accessor$hG6pdGxN(Unknown Source)
	at java.base/jdk.internal.reflect.NativeMethodAccessorImpl.invoke0(Native Method)
	at java.base/jdk.internal.reflect.NativeMethodAccessorImpl.invoke(NativeMethodAccessorImpl.java:62)
	at java.base/jdk.internal.reflect.DelegatingMethodAccessorImpl.invoke(DelegatingMethodAccessorImpl.java:43)
	at java.base/java.lang.reflect.Method.invoke(Method.java:566)
	at net.thucydides.core.steps.BaseMethodRunner.invokeMethod(BaseMethodRunner.java:18)
	at net.thucydides.core.steps.NormalMethodRunner.invokeMethodAndNotifyFailures(NormalMethodRunner.java:18)
	at net.thucydides.core.steps.StepInterceptor.runNormalMethod(StepInterceptor.java:420)
	at net.thucydides.core.steps.StepInterceptor.testStepResult(StepInterceptor.java:195)
	at net.thucydides.core.steps.StepInterceptor.intercept(StepInterceptor.java:92)
	at net.thucydides.core.steps.ProxyConfiguration$InterceptorDispatcher.intercept(ProxyConfiguration.java:51)
	at com.nttdata.steps.MyDemoAppSteps$ByteBuddy$Tmv6lHEI.validateCartUpdate(Unknown Source)
	at com.nttdata.stepsdefinitions.MyDemoAppStepsDefs.validoElCarritoDeCompraActualiceCorrectamente(MyDemoAppStepsDefs.java:31)
	at âœ½.valido el carrito de compra actualice correctamente 1(file:///C:/Users/dulan/Downloads/qa-lab-mobile-automation-dec/qa-lab-mobile-automation-dec/src/test/resources/features/myDemoApp.feature:10)
&amp#27;[0m
]]></system-out>
  </testcase>
  <testcase name="Validacion de carrito de compras #3" classname="Carrito de compras de MyDemoApp" time="22.615">
    <error message="Expected condition failed: waiting for visibility of Proxy element for: MyDemoAppProductsScreen.displaySelectedProduct (tried for 5 second(s) with 50 milliseconds interval)" type="org.openqa.selenium.TimeoutException">org.openqa.selenium.TimeoutException: Expected condition failed: waiting for visibility of Proxy element for: MyDemoAppProductsScreen.displaySelectedProduct (tried for 5 second(s) with 50 milliseconds interval)
Caused by: org.openqa.selenium.NoSuchElementException: 
Timed out after 2 seconds. Element not found
For documentation on this error, please visit: https://www.selenium.dev/documentation/webdriver/troubleshooting/errors#no-such-element-exception
Build info: version: '4.14.1', revision: '03f8ede370'
System info: os.name: 'Windows 10', os.arch: 'amd64', os.version: '10.0', java.version: '11.0.24'
Driver info: driver.version: unknown
</error>
    <system-out><![CDATA[
@run @carritoDeCompras
Scenario Outline: Validacion de carrito de compras                 &amp#27;[90m# src/test/resources/features/myDemoApp.feature:15&amp#27;[0m
20:49:17.065 [pool-1-thread-1] DEBUG io.cucumber.core.plugin.SerenityReporter - Running feature from file:///C:/Users/dulan/Downloads/qa-lab-mobile-automation-dec/qa-lab-mobile-automation-dec/src/test/resources/features/myDemoApp.feature
  &amp#27;[32mGiven &amp#27;[0m&amp#27;[32mestoy en la aplicaciÃ³n de SauceLabs&amp#27;[0m                        &amp#27;[90m# com.nttdata.stepsdefinitions.MyDemoAppStepsDefs.estoyEnLaAplicacionDeSauceLabs()&amp#27;[0m
20:49:25.057 [pool-1-thread-1] DEBUG net.serenitybdd.core.photography.Darkroom - Send negative for processing for C:\Users\dulan\Downloads\qa-lab-mobile-automation-dec\qa-lab-mobile-automation-dec\target\site\serenity\806432f2fb20f735aeca10c328e7b6eb62055e397621320ee6b3787834a6e7a5.png
  &amp#27;[32mAnd &amp#27;[0m&amp#27;[32mvalido que carguen correctamente los productos en la galeria&amp#27;[0m &amp#27;[90m# com.nttdata.stepsdefinitions.MyDemoAppStepsDefs.validoQueCarguenCorrectamenteLosProductosEnLaGaleria()&amp#27;[0m
20:49:28.865 [pool-1-thread-1] DEBUG net.serenitybdd.core.photography.Darkroom - Send negative for processing for C:\Users\dulan\Downloads\qa-lab-mobile-automation-dec\qa-lab-mobile-automation-dec\target\site\serenity\4f8fcebcc7249921a1eb82ae509395d1f31f4844d010ed95f93bd1594528e8c9.png
20:49:39.564 [pool-1-thread-1] DEBUG net.serenitybdd.core.photography.Darkroom - Send negative for processing for C:\Users\dulan\Downloads\qa-lab-mobile-automation-dec\qa-lab-mobile-automation-dec\target\site\serenity\926737d5883b1cfbd97693ff8c766970a10e8b1a84e85c4b54ae847ef0de6763.png
  &amp#27;[31mWhen &amp#27;[0m&amp#27;[31magrego &amp#27;[0m&amp#27;[31m&amp#27;[1m2&amp#27;[0m&amp#27;[31m del siguiente producto &amp#27;[0m&amp#27;[31m&amp#27;[1m"Sauce Labs Bike Light"&amp#27;[0m     &amp#27;[90m# com.nttdata.stepsdefinitions.MyDemoAppStepsDefs.agregoDelSiguienteProducto(int,java.lang.String)&amp#27;[0m
      &amp#27;[31morg.openqa.selenium.TimeoutException: Expected condition failed: waiting for visibility of Proxy element for: MyDemoAppProductsScreen.displaySelectedProduct (tried for 5 second(s) with 50 milliseconds interval)
	at org.openqa.selenium.support.ui.FluentWait.timeoutException(FluentWait.java:262)
	at org.openqa.selenium.support.ui.FluentWait.until(FluentWait.java:230)
	at net.serenitybdd.core.pages.RenderedPageObjectView.waitFor(RenderedPageObjectView.java:110)
	at net.serenitybdd.core.pages.PageObject.waitFor(PageObject.java:414)
	at com.nttdata.screens.MyDemoAppProductsScreen.getSelectedProduct(MyDemoAppProductsScreen.java:23)
	at com.nttdata.steps.MyDemoAppSteps.addProducts(MyDemoAppSteps.java:35)
	at com.nttdata.steps.MyDemoAppSteps$ByteBuddy$Tmv6lHEI.addProducts$accessor$hG6pdGxN(Unknown Source)
	at java.base/jdk.internal.reflect.NativeMethodAccessorImpl.invoke0(Native Method)
	at java.base/jdk.internal.reflect.NativeMethodAccessorImpl.invoke(NativeMethodAccessorImpl.java:62)
	at java.base/jdk.internal.reflect.DelegatingMethodAccessorImpl.invoke(DelegatingMethodAccessorImpl.java:43)
	at java.base/java.lang.reflect.Method.invoke(Method.java:566)
	at net.thucydides.core.steps.BaseMethodRunner.invokeMethod(BaseMethodRunner.java:18)
	at net.thucydides.core.steps.NormalMethodRunner.invokeMethodAndNotifyFailures(NormalMethodRunner.java:18)
	at net.thucydides.core.steps.StepInterceptor.runNormalMethod(StepInterceptor.java:420)
	at net.thucydides.core.steps.StepInterceptor.testStepResult(StepInterceptor.java:195)
	at net.thucydides.core.steps.StepInterceptor.intercept(StepInterceptor.java:92)
	at net.thucydides.core.steps.ProxyConfiguration$InterceptorDispatcher.intercept(ProxyConfiguration.java:51)
	at com.nttdata.steps.MyDemoAppSteps$ByteBuddy$Tmv6lHEI.addProducts(Unknown Source)
	at com.nttdata.stepsdefinitions.MyDemoAppStepsDefs.agregoDelSiguienteProducto(MyDemoAppStepsDefs.java:26)
	at âœ½.agrego 2 del siguiente producto "Sauce Labs Bike Light"(file:///C:/Users/dulan/Downloads/qa-lab-mobile-automation-dec/qa-lab-mobile-automation-dec/src/test/resources/features/myDemoApp.feature:9)
Caused by: org.openqa.selenium.NoSuchElementException: Timed out after 2 seconds. Element not found
For documentation on this error, please visit: https://www.selenium.dev/documentation/webdriver/troubleshooting/errors#no-such-element-exception
Build info: version: '4.14.1', revision: '03f8ede370'
System info: os.name: 'Windows 10', os.arch: 'amd64', os.version: '10.0', java.version: '11.0.24'
Driver info: driver.version: unknown
	at net.thucydides.core.annotations.locators.SmartAjaxElementLocator.ajaxFindElement(SmartAjaxElementLocator.java:164)
	at net.thucydides.core.annotations.locators.SmartAjaxElementLocator.findElement(SmartAjaxElementLocator.java:116)
	at org.openqa.selenium.support.pagefactory.internal.LocatingElementHandler.invoke(LocatingElementHandler.java:38)
	at com.sun.proxy.$Proxy45.isDisplayed(Unknown Source)
	at org.openqa.selenium.support.ui.ExpectedConditions.elementIfVisible(ExpectedConditions.java:304)
	at org.openqa.selenium.support.ui.ExpectedConditions$10.apply(ExpectedConditions.java:290)
	at org.openqa.selenium.support.ui.ExpectedConditions$10.apply(ExpectedConditions.java:287)
	at org.openqa.selenium.support.ui.FluentWait.until(FluentWait.java:205)
	at net.serenitybdd.core.pages.RenderedPageObjectView.waitFor(RenderedPageObjectView.java:110)
	at net.serenitybdd.core.pages.PageObject.waitFor(PageObject.java:414)
	at com.nttdata.screens.MyDemoAppProductsScreen.getSelectedProduct(MyDemoAppProductsScreen.java:23)
	at com.nttdata.steps.MyDemoAppSteps.addProducts(MyDemoAppSteps.java:35)
	at com.nttdata.steps.MyDemoAppSteps$ByteBuddy$Tmv6lHEI.addProducts$accessor$hG6pdGxN(Unknown Source)
	at java.base/jdk.internal.reflect.NativeMethodAccessorImpl.invoke0(Native Method)
	at java.base/jdk.internal.reflect.NativeMethodAccessorImpl.invoke(NativeMethodAccessorImpl.java:62)
	at java.base/jdk.internal.reflect.DelegatingMethodAccessorImpl.invoke(DelegatingMethodAccessorImpl.java:43)
	at java.base/java.lang.reflect.Method.invoke(Method.java:566)
	at net.thucydides.core.steps.BaseMethodRunner.invokeMethod(BaseMethodRunner.java:18)
	at net.thucydides.core.steps.NormalMethodRunner.invokeMethodAndNotifyFailures(NormalMethodRunner.java:18)
	at net.thucydides.core.steps.StepInterceptor.runNormalMethod(StepInterceptor.java:420)
	at net.thucydides.core.steps.StepInterceptor.testStepResult(StepInterceptor.java:195)
	at net.thucydides.core.steps.StepInterceptor.intercept(StepInterceptor.java:92)
	at net.thucydides.core.steps.ProxyConfiguration$InterceptorDispatcher.intercept(ProxyConfiguration.java:51)
	at com.nttdata.steps.MyDemoAppSteps$ByteBuddy$Tmv6lHEI.addProducts(Unknown Source)
	at com.nttdata.stepsdefinitions.MyDemoAppStepsDefs.agregoDelSiguienteProducto(MyDemoAppStepsDefs.java:26)
	at java.base/jdk.internal.reflect.NativeMethodAccessorImpl.invoke0(Native Method)
	at java.base/jdk.internal.reflect.NativeMethodAccessorImpl.invoke(NativeMethodAccessorImpl.java:62)
	at java.base/jdk.internal.reflect.DelegatingMethodAccessorImpl.invoke(DelegatingMethodAccessorImpl.java:43)
	at java.base/java.lang.reflect.Method.invoke(Method.java:566)
	at io.cucumber.java.Invoker.doInvoke(Invoker.java:66)
	at io.cucumber.java.Invoker.invoke(Invoker.java:24)
	at io.cucumber.java.AbstractGlueDefinition.invokeMethod(AbstractGlueDefinition.java:47)
	at io.cucumber.java.JavaStepDefinition.execute(JavaStepDefinition.java:29)
	at io.cucumber.core.runner.CoreStepDefinition.execute(CoreStepDefinition.java:66)
	at io.cucumber.core.runner.PickleStepDefinitionMatch.runStep(PickleStepDefinitionMatch.java:63)
	at io.cucumber.core.runner.ExecutionMode$1.execute(ExecutionMode.java:10)
	at io.cucumber.core.runner.TestStep.executeStep(TestStep.java:84)
	at io.cucumber.core.runner.TestStep.run(TestStep.java:56)
	at io.cucumber.core.runner.PickleStepTestStep.run(PickleStepTestStep.java:51)
	at io.cucumber.core.runner.TestCase.run(TestCase.java:84)
	at io.cucumber.core.runner.Runner.runPickle(Runner.java:75)
	at io.cucumber.junit.PickleRunners$NoStepDescriptions.lambda$run$0(PickleRunners.java:151)
	at io.cucumber.core.runtime.CucumberExecutionContext.lambda$runTestCase$5(CucumberExecutionContext.java:137)
	at io.cucumber.core.runtime.RethrowingThrowableCollector.executeAndThrow(RethrowingThrowableCollector.java:23)
	at io.cucumber.core.runtime.CucumberExecutionContext.runTestCase(CucumberExecutionContext.java:137)
	at io.cucumber.junit.PickleRunners$NoStepDescriptions.run(PickleRunners.java:148)
	at io.cucumber.junit.FeatureRunner.runChild(FeatureRunner.java:144)
	at io.cucumber.junit.FeatureRunner.runChild(FeatureRunner.java:28)
	at org.junit.runners.ParentRunner$4.run(ParentRunner.java:331)
	at org.junit.runners.ParentRunner$1.schedule(ParentRunner.java:79)
	at org.junit.runners.ParentRunner.runChildren(ParentRunner.java:329)
	at org.junit.runners.ParentRunner.access$100(ParentRunner.java:66)
	at org.junit.runners.ParentRunner$2.evaluate(ParentRunner.java:293)
	at org.junit.runners.ParentRunner$3.evaluate(ParentRunner.java:306)
	at org.junit.runners.ParentRunner.run(ParentRunner.java:413)
	at io.cucumber.junit.FeatureRunner.run(FeatureRunner.java:137)
	at io.cucumber.junit.CucumberSerenityBaseRunner.runChild(CucumberSerenityBaseRunner.java:332)
	at io.cucumber.junit.CucumberSerenityBaseRunner.runChild(CucumberSerenityBaseRunner.java:53)
	at org.junit.runners.ParentRunner$4.run(ParentRunner.java:331)
	at org.apache.maven.surefire.junitcore.pc.Scheduler$1.run(Scheduler.java:410)
	at org.apache.maven.surefire.junitcore.pc.InvokerStrategy.schedule(InvokerStrategy.java:54)
	at org.apache.maven.surefire.junitcore.pc.Scheduler.schedule(Scheduler.java:367)
	at org.junit.runners.ParentRunner.runChildren(ParentRunner.java:329)
	at org.junit.runners.ParentRunner.access$100(ParentRunner.java:66)
	at org.junit.runners.ParentRunner$2.evaluate(ParentRunner.java:293)
	at io.cucumber.junit.CucumberSerenityBaseRunner$RunCucumber.evaluate(CucumberSerenityBaseRunner.java:363)
	at org.junit.runners.ParentRunner$3.evaluate(ParentRunner.java:306)
	at org.junit.runners.ParentRunner.run(ParentRunner.java:413)
	at org.junit.runners.Suite.runChild(Suite.java:128)
	at org.junit.runners.Suite.runChild(Suite.java:27)
	at org.junit.runners.ParentRunner$4.run(ParentRunner.java:331)
	at org.apache.maven.surefire.junitcore.pc.Scheduler$1.run(Scheduler.java:410)
	at java.base/java.util.concurrent.Executors$RunnableAdapter.call(Executors.java:515)
	at java.base/java.util.concurrent.FutureTask.run(FutureTask.java:264)
	at java.base/java.util.concurrent.ThreadPoolExecutor.runWorker(ThreadPoolExecutor.java:1128)
	at java.base/java.util.concurrent.ThreadPoolExecutor$Worker.run(ThreadPoolExecutor.java:628)
	at java.base/java.lang.Thread.run(Thread.java:834)
&amp#27;[0m
  &amp#27;[36mThen &amp#27;[0m&amp#27;[36mvalido el carrito de compra actualice correctamente &amp#27;[0m&amp#27;[36m&amp#27;[1m2&amp#27;[0m       &amp#27;[90m# com.nttdata.stepsdefinitions.MyDemoAppStepsDefs.validoElCarritoDeCompraActualiceCorrectamente(int)&amp#27;[0m
]]></system-out>
  </testcase>
</testsuite>